SF:pitaeegsensorapi4lsl/__init__.py
DA:3,1
DA:4,1
DA:5,1
DA:6,1
DA:7,1
DA:9,1
DA:17,1
DA:18,1
DA:25,1
LF:9
LH:9
end_of_record
SF:pitaeegsensorapi4lsl/exceptions.py
DA:4,1
DA:8,1
DA:12,1
DA:16,1
DA:20,1
DA:24,1
LF:6
LH:6
end_of_record
SF:pitaeegsensorapi4lsl/sensor.py
DA:3,1
DA:5,1
DA:6,1
DA:7,1
DA:8,1
DA:9,1
DA:10,1
DA:11,1
DA:13,1
DA:20,1
DA:27,1
DA:28,1
DA:31,1
DA:32,1
DA:35,1
DA:36,1
DA:39,1
DA:41,1
DA:44,1
DA:58,1
DA:66,1
DA:67,1
DA:68,1
DA:70,1
DA:72,1
DA:73,0
DA:74,0
DA:75,0
DA:77,0
DA:78,0
DA:79,0
DA:83,1
DA:84,1
DA:85,1
DA:86,1
DA:87,1
DA:89,1
DA:90,1
DA:91,1
DA:92,0
DA:93,0
DA:94,0
DA:95,0
DA:96,0
DA:97,0
DA:98,0
DA:99,0
DA:102,1
DA:105,1
DA:107,1
DA:108,1
DA:109,1
DA:110,1
DA:111,1
DA:112,1
DA:113,0
DA:114,0
DA:115,1
DA:116,1
DA:117,1
DA:119,1
DA:120,1
DA:123,1
DA:133,0
DA:134,0
DA:136,0
DA:137,0
DA:139,0
DA:140,0
DA:142,0
DA:143,0
DA:145,0
DA:146,0
DA:148,0
DA:149,0
DA:151,0
DA:152,0
DA:154,0
DA:155,0
DA:158,0
DA:159,0
DA:161,0
DA:162,0
DA:164,0
DA:165,0
DA:168,0
DA:174,0
DA:176,0
DA:177,0
DA:178,0
DA:181,1
DA:197,1
DA:217,1
DA:218,1
DA:219,1
DA:220,1
DA:221,1
DA:224,1
DA:225,1
DA:226,1
DA:227,1
DA:228,1
DA:229,1
DA:231,1
DA:233,1
DA:235,1
DA:242,1
DA:244,1
DA:258,1
DA:259,0
DA:260,0
DA:262,1
DA:263,1
DA:264,1
DA:266,1
DA:267,1
DA:269,1
DA:270,1
DA:271,1
DA:272,1
DA:273,1
DA:274,1
DA:278,1
DA:283,1
DA:284,1
DA:286,1
DA:287,1
DA:288,0
DA:290,1
DA:292,1
DA:294,1
DA:305,1
DA:306,0
DA:307,0
DA:309,1
DA:310,0
DA:311,0
DA:313,1
DA:314,1
DA:316,1
DA:317,1
DA:318,1
DA:319,1
DA:320,1
DA:321,1
DA:325,1
DA:330,1
DA:331,1
DA:332,1
DA:333,1
DA:334,1
DA:335,0
DA:337,1
DA:339,1
DA:340,1
DA:341,1
DA:343,1
DA:344,1
DA:345,1
DA:347,0
DA:349,1
DA:363,1
DA:364,0
DA:365,0
DA:367,1
DA:368,1
DA:369,1
DA:371,1
DA:372,1
DA:374,1
DA:375,1
DA:377,0
DA:378,0
DA:380,1
DA:381,1
DA:383,1
DA:390,1
DA:391,1
DA:392,1
DA:394,0
DA:395,0
DA:397,1
DA:407,0
DA:408,0
DA:409,0
DA:411,0
DA:412,0
DA:413,0
DA:415,0
DA:416,0
DA:417,0
DA:418,0
DA:419,0
DA:421,0
DA:422,0
DA:423,0
DA:424,0
DA:426,1
DA:428,1
DA:429,1
DA:430,1
DA:432,1
DA:434,1
DA:435,1
DA:436,1
DA:437,1
DA:439,1
DA:441,1
DA:442,1
DA:443,1
DA:444,1
DA:446,1
DA:447,1
DA:449,1
DA:451,1
DA:452,1
DA:454,1
LF:217
LH:144
FN:27,28,_is_win
FNDA:1,_is_win
FN:31,32,_is_mac
FNDA:1,_is_mac
FN:35,36,_is_linux
FNDA:1,_is_linux
FN:39,41,_get_machine
FNDA:1,_get_machine
FN:44,120,_load_library
FNDA:1,_load_library
FN:123,178,_bind_api
FNDA:0,_bind_api
FN:197,229,Sensor.__init__
FNDA:1,Sensor.__init__
FN:231,233,Sensor.__enter__
FNDA:1,Sensor.__enter__
FN:235,242,Sensor.__exit__
FNDA:1,Sensor.__exit__
FN:244,292,Sensor.scan_devices
FNDA:1,Sensor.scan_devices
FN:294,347,Sensor.connect
FNDA:1,Sensor.connect
FN:349,395,Sensor.start_measurement
FNDA:1,Sensor.start_measurement
FN:397,424,Sensor.receive_data
FNDA:0,Sensor.receive_data
FN:426,430,Sensor.stop_measurement
FNDA:1,Sensor.stop_measurement
FN:432,437,Sensor.disconnect
FNDA:1,Sensor.disconnect
FN:439,444,Sensor.close
FNDA:1,Sensor.close
FN:447,449,Sensor.is_connected
FNDA:1,Sensor.is_connected
FN:452,454,Sensor.is_measuring
FNDA:1,Sensor.is_measuring
FNF:18
FNH:16
end_of_record
SF:pitaeegsensorapi4lsl/types.py
DA:3,1
DA:5,1
DA:6,1
DA:8,1
DA:9,1
DA:10,1
DA:11,1
DA:14,1
DA:17,1
DA:20,1
DA:23,1
DA:29,1
DA:32,1
DA:39,1
DA:42,1
LF:15
LH:15
end_of_record
